webserver
webserver
webserver
webserver
webserver
webserver
webserver
webserver
webserver
[19/04/10 10:57] [content-server]                     _                 
[19/04/10 10:57] [content-server]   _  ._ _  |_  |_| /  | o  _  ._ _|_  
[19/04/10 10:57] [content-server]  (_| | | | |_) | | \_ | | (/_ | | |_ 
[19/04/10 10:57] [content-server]   _|                                  
[19/04/10 10:57] [content-server] service started from /Users/abrahamdick/RailwayCabal/gmbh-demo/services/webserver
[19/04/10 10:57] [content-server] PeerGroup=universal
[19/04/10 10:57] [content-server] core address=localhost:49500
[19/04/10 10:57] [content-server] managed mode; ignoring sigint; listening for sigusr2
[19/04/10 10:57] [content-server] started, time=2019-04-10T10:57:51-05:00
[19/04/10 10:57] [content-server] attempting to connect to coreData
[19/04/10 10:57] [content-server] registration details:
[19/04/10 10:57] [content-server] id=101; address=localhost:49504; fingerprint=bin14vrmvban1pm2faag
[19/04/10 10:57] [content-server] connected; coreAddress=(localhost:49504)
[19/04/10 11:00] [content-server] disconnecting from gmbh-core
[19/04/10 11:00] [content-server] con exists; can send formal disconnect
[19/04/10 11:00] [content-server] shutdown complete...
